<?xml version="1.0" encoding="UTF-8"?>
<!-- Generated by org.testng.reporters.JUnitXMLReporter -->
<testsuite ignored="0" hostname="Sarawat" failures="0" tests="3" name="Default test" time="8.919" errors="0" timestamp="2024-01-13T11:33:25 EST">
  <testcase classname="com.xolair.XolairTest" name="openChromeBrowser" time="3.303"/>
  <testcase classname="com.xolair.XolairTest" name="openEdgeBrowser" time="5.561"/>
  <testcase classname="com.xolair.XolairTest" name="testOne" time="0.001"/>
</testsuite> <!-- Default test -->
