<?xml version="1.0" encoding="UTF-8"?>
<testng-results ignored="0" total="3" passed="3" failed="0" skipped="0">
  <reporter-output>
  </reporter-output>
  <suite started-at="2024-01-13T11:33:16 EST" name="Default suite" finished-at="2024-01-13T11:33:25 EST" duration-ms="8919">
    <groups>
    </groups>
    <test started-at="2024-01-13T11:33:16 EST" name="Default test" finished-at="2024-01-13T11:33:25 EST" duration-ms="8919">
      <class name="com.xolair.XolairTest">
        <test-method signature="openChromeBrowser()[pri:0, instance:com.xolair.XolairTest@41d477ed]" started-at="2024-01-13T11:33:16 EST" name="openChromeBrowser" finished-at="2024-01-13T11:33:19 EST" duration-ms="3303" status="PASS">
          <reporter-output>
          </reporter-output>
        </test-method> <!-- openChromeBrowser -->
        <test-method signature="openEdgeBrowser()[pri:0, instance:com.xolair.XolairTest@41d477ed]" started-at="2024-01-13T11:33:19 EST" name="openEdgeBrowser" finished-at="2024-01-13T11:33:25 EST" duration-ms="5561" status="PASS">
          <reporter-output>
          </reporter-output>
        </test-method> <!-- openEdgeBrowser -->
        <test-method signature="testOne()[pri:0, instance:com.xolair.XolairTest@41d477ed]" started-at="2024-01-13T11:33:25 EST" name="testOne" finished-at="2024-01-13T11:33:25 EST" duration-ms="1" status="PASS">
          <reporter-output>
          </reporter-output>
        </test-method> <!-- testOne -->
      </class> <!-- com.xolair.XolairTest -->
    </test> <!-- Default test -->
  </suite> <!-- Default suite -->
</testng-results>
